<?xml version="1.0" encoding="UTF-8"?>
<!-- Generated by org.testng.reporters.JUnitReportReporter -->
<testsuite skipped="0" hostname="Fahad" name="test_scenarios_fahad.Test1" tests="6" failures="0" timestamp="9 Dec 2016 16:29:48 GMT" time="5.008" errors="0">
  <testcase name="xlSheetTest" time="0.005" classname="test_scenarios_fahad.Test1"/>
  <testcase name="datetest" time="1.112" classname="test_scenarios_fahad.Test1"/>
  <testcase name="xlSheetTest" time="0.004" classname="test_scenarios_fahad.Test1"/>
  <testcase name="xlSheetTest" time="0.006" classname="test_scenarios_fahad.Test1"/>
  <testcase name="xlSheetTest" time="0.003" classname="test_scenarios_fahad.Test1"/>
  <testcase name="gotToTest" time="3.878" classname="test_scenarios_fahad.Test1"/>
</testsuite> <!-- test_scenarios_fahad.Test1 -->
